<?xml version="1.0" encoding="UTF-8"?>
<!-- Generated by org.testng.reporters.JUnitReportReporter -->
<testsuite hostname="LAPTOP-8HHI6N5M" failures="0" tests="3" name="dataDriven.excelDataProvider.dataProvide" time="0.016" errors="0" timestamp="2022-08-10T17:51:58 IST" skipped="0">
  <testcase classname="dataDriven.excelDataProvider.dataProvide" name="testCaseData" time="0.001"/>
  <system-out/>
  <testcase classname="dataDriven.excelDataProvider.dataProvide" name="testCaseData" time="0.013"/>
  <system-out/>
  <testcase classname="dataDriven.excelDataProvider.dataProvide" name="testCaseData" time="0.002"/>
  <system-out/>
</testsuite> <!-- dataDriven.excelDataProvider.dataProvide -->
