<?xml version="1.0" encoding="UTF-8"?>
<!-- Generated by org.testng.reporters.JUnitReportReporter -->
<testsuite hostname="LAPTOP-8HHI6N5M" failures="0" tests="3" name="test1" time="0.013" errors="0" timestamp="2022-08-10T18:22:18 IST" skipped="0">
  <testcase classname="test1" name="streamMap" time="0.001"/>
  <system-out/>
  <testcase classname="test1" name="regular" time="0.007"/>
  <system-out/>
  <testcase classname="test1" name="streamFilter" time="0.005"/>
  <system-out/>
</testsuite> <!-- test1 -->
